Warnings, critical warnings and errors from synthesis and implementation

Created: 2023-08-16 20:14:58

----SYNTHESIS----
WARNING: [Synth 8-9661] initial value of parameter 'TARGET_WIDTH' is omitted [rtl/input/mouse_hit_detector.sv:10]
WARNING: [Synth 8-9661] initial value of parameter 'TARGET_HEIGHT' is omitted [rtl/input/mouse_hit_detector.sv:10]
WARNING: [Synth 8-3848] Net out\.rgb in module/entity vga_timing does not have driver. [rtl/vga/vga_timing.sv:18]
WARNING: [Synth 8-3936] Found unconnected internal register 'char_code_nxt_reg' and it is trimmed from '8' to '7' bits. [rtl/ctl_text/char_rect.sv:44]
WARNING: [Synth 8-3936] Found unconnected internal register 'char_code_nxt_reg' and it is trimmed from '8' to '7' bits. [rtl/ctl_text/char_rect.sv:44]
WARNING: [Synth 8-3936] Found unconnected internal register 'char_code_nxt_reg' and it is trimmed from '8' to '7' bits. [rtl/ctl_text/char_rect.sv:44]
WARNING: [Synth 8-3936] Found unconnected internal register 'char_code_nxt_reg' and it is trimmed from '8' to '7' bits. [rtl/ctl_text/char_rect.sv:44]
WARNING: [Synth 8-3936] Found unconnected internal register 'char_code_nxt_reg' and it is trimmed from '8' to '7' bits. [rtl/ctl_text/char_rect.sv:44]
WARNING: [Synth 8-3936] Found unconnected internal register 'char_code_nxt_reg' and it is trimmed from '8' to '7' bits. [rtl/ctl_text/char_rect.sv:44]
WARNING: [Synth 8-3936] Found unconnected internal register 'char_code_nxt_reg' and it is trimmed from '8' to '7' bits. [rtl/ctl_text/char_rect.sv:44]
WARNING: [Synth 8-3936] Found unconnected internal register 'char_code_nxt_reg' and it is trimmed from '8' to '7' bits. [rtl/ctl_text/char_rect.sv:44]
WARNING: [Synth 8-3936] Found unconnected internal register 'char_code_nxt_reg' and it is trimmed from '8' to '7' bits. [rtl/ctl_text/char_rect.sv:44]
WARNING: [Synth 8-87] always_comb on 'state_nxt_reg' did not result in combinational logic [rtl/ctl/ctl_duck.sv:97]
WARNING: [Synth 8-87] always_comb on 'duck_x_nxt_reg' did not result in combinational logic [rtl/ctl/ctl_duck.sv:205]
WARNING: [Synth 8-87] always_comb on 'duck_y_nxt_reg' did not result in combinational logic [rtl/ctl/ctl_duck.sv:206]
WARNING: [Synth 8-87] always_comb on 'duck_vertical_speed_nxt_reg' did not result in combinational logic [rtl/ctl/ctl_duck.sv:207]
WARNING: [Synth 8-87] always_comb on 'duck_show_reg' did not result in combinational logic [rtl/ctl/ctl_duck.sv:209]
WARNING: [Synth 8-87] always_comb on 'duck_hit_reg' did not result in combinational logic [rtl/ctl/ctl_duck.sv:210]
WARNING: [Synth 8-87] always_comb on 'direction_nxt_reg' did not result in combinational logic [rtl/ctl/ctl_duck.sv:211]
WARNING: [Synth 8-7129] Port char_y[-1] in module char_rect__parameterized2 is either unconnected or has no load
WARNING: [Synth 8-7129] Port char_y[0] in module char_rect__parameterized2 is either unconnected or has no load
WARNING: [Synth 8-7129] Port char_y[-1] in module char_rect__parameterized1 is either unconnected or has no load
WARNING: [Synth 8-7129] Port char_y[0] in module char_rect__parameterized1 is either unconnected or has no load
WARNING: [Synth 8-7129] Port char_y[-1] in module char_rect__parameterized0 is either unconnected or has no load
WARNING: [Synth 8-7129] Port char_y[0] in module char_rect__parameterized0 is either unconnected or has no load
WARNING: [Synth 8-7129] Port in\.rgb[11] in module draw_bg is either unconnected or has no load
WARNING: [Synth 8-7129] Port in\.rgb[10] in module draw_bg is either unconnected or has no load
WARNING: [Synth 8-7129] Port in\.rgb[9] in module draw_bg is either unconnected or has no load
WARNING: [Synth 8-7129] Port in\.rgb[8] in module draw_bg is either unconnected or has no load
WARNING: [Synth 8-7129] Port in\.rgb[7] in module draw_bg is either unconnected or has no load
WARNING: [Synth 8-7129] Port in\.rgb[6] in module draw_bg is either unconnected or has no load
WARNING: [Synth 8-7129] Port in\.rgb[5] in module draw_bg is either unconnected or has no load
WARNING: [Synth 8-7129] Port in\.rgb[4] in module draw_bg is either unconnected or has no load
WARNING: [Synth 8-7129] Port in\.rgb[3] in module draw_bg is either unconnected or has no load
WARNING: [Synth 8-7129] Port in\.rgb[2] in module draw_bg is either unconnected or has no load
WARNING: [Synth 8-7129] Port in\.rgb[1] in module draw_bg is either unconnected or has no load
WARNING: [Synth 8-7129] Port in\.rgb[0] in module draw_bg is either unconnected or has no load
WARNING: [Synth 8-7129] Port out\.rgb[11] in module vga_timing is either unconnected or has no load
WARNING: [Synth 8-7129] Port out\.rgb[10] in module vga_timing is either unconnected or has no load
WARNING: [Synth 8-7129] Port out\.rgb[9] in module vga_timing is either unconnected or has no load
WARNING: [Synth 8-7129] Port out\.rgb[8] in module vga_timing is either unconnected or has no load
WARNING: [Synth 8-7129] Port out\.rgb[7] in module vga_timing is either unconnected or has no load
WARNING: [Synth 8-7129] Port out\.rgb[6] in module vga_timing is either unconnected or has no load
WARNING: [Synth 8-7129] Port out\.rgb[5] in module vga_timing is either unconnected or has no load
WARNING: [Synth 8-7129] Port out\.rgb[4] in module vga_timing is either unconnected or has no load
WARNING: [Synth 8-7129] Port out\.rgb[3] in module vga_timing is either unconnected or has no load
WARNING: [Synth 8-7129] Port out\.rgb[2] in module vga_timing is either unconnected or has no load
WARNING: [Synth 8-7129] Port out\.rgb[1] in module vga_timing is either unconnected or has no load
WARNING: [Synth 8-7129] Port out\.rgb[0] in module vga_timing is either unconnected or has no load
WARNING: [Synth 8-7129] Port led[14] in module top_DH is either unconnected or has no load
WARNING: [Synth 8-7129] Port clk100MHz in module top_DH is either unconnected or has no load
WARNING: [Synth 8-7129] Port sw[11] in module top_DH is either unconnected or has no load
WARNING: [Synth 8-7129] Port sw[10] in module top_DH is either unconnected or has no load
WARNING: [Synth 8-7129] Port sw[9] in module top_DH is either unconnected or has no load
WARNING: [Synth 8-7129] Port sw[8] in module top_DH is either unconnected or has no load
WARNING: [Synth 8-7129] Port sw[7] in module top_DH is either unconnected or has no load
WARNING: [Synth 8-7129] Port sw[6] in module top_DH is either unconnected or has no load
WARNING: [Synth 8-7129] Port sw[5] in module top_DH is either unconnected or has no load
WARNING: [Synth 8-7129] Port sw[4] in module top_DH is either unconnected or has no load
WARNING: [Synth 8-7129] Port sw[3] in module top_DH is either unconnected or has no load
WARNING: [Synth 8-7129] Port sw[2] in module top_DH is either unconnected or has no load
WARNING: [Synth 8-7129] Port sw[1] in module top_DH is either unconnected or has no load
WARNING: [Synth 8-7129] Port sw[0] in module top_DH is either unconnected or has no load
WARNING: [Synth 8-327] inferring latch for variable 'direction_nxt_reg' [rtl/ctl/ctl_duck.sv:211]
WARNING: [Synth 8-327] inferring latch for variable 'FSM_sequential_state_nxt_reg' [rtl/ctl/ctl_duck.sv:97]
WARNING: [Synth 8-327] inferring latch for variable 'FSM_onehot_state_nxt_reg' [rtl/ctl/ctl_duck.sv:97]
WARNING: [Synth 8-327] inferring latch for variable 'FSM_sequential_state_nxt_reg' [rtl/ctl/ctl_duck.sv:97]
WARNING: [Synth 8-327] inferring latch for variable 'duck_x_nxt_reg' [rtl/ctl/ctl_duck.sv:205]
WARNING: [Synth 8-327] inferring latch for variable 'duck_y_nxt_reg' [rtl/ctl/ctl_duck.sv:206]
WARNING: [Synth 8-327] inferring latch for variable 'duck_show_reg' [rtl/ctl/ctl_duck.sv:209]
WARNING: [Synth 8-327] inferring latch for variable 'duck_hit_reg' [rtl/ctl/ctl_duck.sv:210]
WARNING: [Synth 8-327] inferring latch for variable 'duck_vertical_speed_nxt_reg' [rtl/ctl/ctl_duck.sv:207]
WARNING: [Synth 8-7080] Parallel synthesis criteria is not met
WARNING: [Synth 8-7129] Port in\.rgb[11] in module draw_bg is either unconnected or has no load
WARNING: [Synth 8-7129] Port in\.rgb[10] in module draw_bg is either unconnected or has no load
WARNING: [Synth 8-7129] Port in\.rgb[9] in module draw_bg is either unconnected or has no load
WARNING: [Synth 8-7129] Port in\.rgb[8] in module draw_bg is either unconnected or has no load
WARNING: [Synth 8-7129] Port in\.rgb[7] in module draw_bg is either unconnected or has no load
WARNING: [Synth 8-7129] Port in\.rgb[6] in module draw_bg is either unconnected or has no load
WARNING: [Synth 8-7129] Port in\.rgb[5] in module draw_bg is either unconnected or has no load
WARNING: [Synth 8-7129] Port in\.rgb[4] in module draw_bg is either unconnected or has no load
WARNING: [Synth 8-7129] Port in\.rgb[3] in module draw_bg is either unconnected or has no load
WARNING: [Synth 8-7129] Port in\.rgb[2] in module draw_bg is either unconnected or has no load
WARNING: [Synth 8-7129] Port in\.rgb[1] in module draw_bg is either unconnected or has no load
WARNING: [Synth 8-7129] Port in\.rgb[0] in module draw_bg is either unconnected or has no load
WARNING: [Synth 8-7129] Port out\.rgb[11] in module vga_timing is either unconnected or has no load
WARNING: [Synth 8-7129] Port out\.rgb[10] in module vga_timing is either unconnected or has no load
WARNING: [Synth 8-7129] Port out\.rgb[9] in module vga_timing is either unconnected or has no load
WARNING: [Synth 8-7129] Port out\.rgb[8] in module vga_timing is either unconnected or has no load
WARNING: [Synth 8-7129] Port out\.rgb[7] in module vga_timing is either unconnected or has no load
WARNING: [Synth 8-7129] Port out\.rgb[6] in module vga_timing is either unconnected or has no load
WARNING: [Synth 8-7129] Port out\.rgb[5] in module vga_timing is either unconnected or has no load
WARNING: [Synth 8-7129] Port out\.rgb[4] in module vga_timing is either unconnected or has no load
WARNING: [Synth 8-7129] Port out\.rgb[3] in module vga_timing is either unconnected or has no load
WARNING: [Synth 8-7129] Port out\.rgb[2] in module vga_timing is either unconnected or has no load
WARNING: [Synth 8-7129] Port out\.rgb[1] in module vga_timing is either unconnected or has no load
WARNING: [Synth 8-7129] Port out\.rgb[0] in module vga_timing is either unconnected or has no load
WARNING: [Synth 8-7129] Port led[14] in module top_DH is either unconnected or has no load
WARNING: [Synth 8-7129] Port clk100MHz in module top_DH is either unconnected or has no load
WARNING: [Synth 8-7129] Port sw[11] in module top_DH is either unconnected or has no load
WARNING: [Synth 8-7129] Port sw[10] in module top_DH is either unconnected or has no load
WARNING: [Synth 8-7129] Port sw[9] in module top_DH is either unconnected or has no load
WARNING: [Synth 8-7129] Port sw[8] in module top_DH is either unconnected or has no load
WARNING: [Synth 8-7129] Port sw[7] in module top_DH is either unconnected or has no load
WARNING: [Synth 8-7129] Port sw[6] in module top_DH is either unconnected or has no load
WARNING: [Synth 8-7129] Port sw[5] in module top_DH is either unconnected or has no load
WARNING: [Synth 8-7129] Port sw[4] in module top_DH is either unconnected or has no load
WARNING: [Synth 8-7129] Port sw[3] in module top_DH is either unconnected or has no load
WARNING: [Synth 8-7129] Port sw[2] in module top_DH is either unconnected or has no load
WARNING: [Synth 8-7129] Port sw[1] in module top_DH is either unconnected or has no load
WARNING: [Synth 8-7129] Port sw[0] in module top_DH is either unconnected or has no load

----IMPLEMENTATION----
CLEAR :)
